25-Mar-2020 13:05:41.305 INFO [main] com.springsource.tcserver.security.PropertyDecoder.<init> tc Runtime property decoder using memory-based key
25-Mar-2020 13:05:41.306 INFO [main] com.springsource.tcserver.security.TcDecoder.initCiphers Initializing ciphers
25-Mar-2020 13:05:41.647 INFO [main] com.springsource.tcserver.security.PropertyDecoder.<init> tcServer Runtime property decoder has been initialized in 344 ms
25-Mar-2020 13:05:42.054 INFO [main] org.apache.coyote.AbstractProtocol.init Initializing ProtocolHandler ["http-nio-8080"]
25-Mar-2020 13:05:42.169 INFO [main] org.apache.tomcat.util.net.NioSelectorPool.getSharedSelector Using a shared selector for servlet write/read
25-Mar-2020 13:05:42.310 INFO [main] com.springsource.tcserver.serviceability.rmi.JmxSocketListener.init Started up JMX registry on 127.0.0.1:6969 in 121 ms
25-Mar-2020 13:05:42.337 INFO [main] org.apache.catalina.core.StandardService.startInternal Starting service [Catalina]
25-Mar-2020 13:05:42.337 INFO [main] org.apache.catalina.core.StandardEngine.startInternal Starting Servlet Engine: Pivotal tc Runtime 9.0.13.B.RELEASE
25-Mar-2020 13:05:42.345 INFO [main] org.apache.catalina.startup.HostConfig.deployDirectory Deploying web application directory [C:\Data\sofwares\java\spring-tool-suite-3.9.12.RELEASE-e4.15.0-win32-x86_64\sts-bundle\pivotal-tc-server\instances\base-instance\webapps\manager]
25-Mar-2020 13:05:42.678 INFO [main] org.apache.jasper.servlet.TldScanner.scanJars At least one JAR was scanned for TLDs yet contained no TLDs. Enable debug logging for this logger for a complete list of JARs that were scanned but no TLDs were found in them. Skipping unneeded JARs during scanning can improve startup time and JSP compilation time.
25-Mar-2020 13:05:42.719 INFO [main] org.apache.catalina.startup.HostConfig.deployDirectory Deployment of web application directory [C:\Data\sofwares\java\spring-tool-suite-3.9.12.RELEASE-e4.15.0-win32-x86_64\sts-bundle\pivotal-tc-server\instances\base-instance\webapps\manager] has finished in [373] ms
25-Mar-2020 13:05:42.719 INFO [main] org.apache.catalina.startup.HostConfig.deployDirectory Deploying web application directory [C:\Data\sofwares\java\spring-tool-suite-3.9.12.RELEASE-e4.15.0-win32-x86_64\sts-bundle\pivotal-tc-server\instances\base-instance\webapps\ROOT]
25-Mar-2020 13:05:42.813 INFO [main] org.apache.jasper.servlet.TldScanner.scanJars At least one JAR was scanned for TLDs yet contained no TLDs. Enable debug logging for this logger for a complete list of JARs that were scanned but no TLDs were found in them. Skipping unneeded JARs during scanning can improve startup time and JSP compilation time.
25-Mar-2020 13:05:42.816 INFO [main] org.apache.catalina.startup.HostConfig.deployDirectory Deployment of web application directory [C:\Data\sofwares\java\spring-tool-suite-3.9.12.RELEASE-e4.15.0-win32-x86_64\sts-bundle\pivotal-tc-server\instances\base-instance\webapps\ROOT] has finished in [97] ms
25-Mar-2020 13:05:42.823 INFO [main] org.apache.coyote.AbstractProtocol.start Starting ProtocolHandler ["http-nio-8080"]
25-Mar-2020 13:08:52.862 INFO [ContainerBackgroundProcessor[StandardEngine[Catalina]]] org.apache.catalina.startup.HostConfig.deployDescriptor Deploying deployment descriptor [C:\Data\sofwares\java\spring-tool-suite-3.9.12.RELEASE-e4.15.0-win32-x86_64\sts-bundle\pivotal-tc-server\instances\base-instance\conf\Catalina\localhost\inma-itp.xml]
25-Mar-2020 13:08:52.865 WARNING [ContainerBackgroundProcessor[StandardEngine[Catalina]]] org.apache.catalina.startup.HostConfig.deployDescriptor The path attribute with value [/inma-itp] in deployment descriptor [C:\Data\sofwares\java\spring-tool-suite-3.9.12.RELEASE-e4.15.0-win32-x86_64\sts-bundle\pivotal-tc-server\instances\base-instance\conf\Catalina\localhost\inma-itp.xml] has been ignored
25-Mar-2020 13:09:00.888 INFO [ContainerBackgroundProcessor[StandardEngine[Catalina]]] org.apache.jasper.servlet.TldScanner.scanJars At least one JAR was scanned for TLDs yet contained no TLDs. Enable debug logging for this logger for a complete list of JARs that were scanned but no TLDs were found in them. Skipping unneeded JARs during scanning can improve startup time and JSP compilation time.
25-Mar-2020 13:09:00.908 INFO [ContainerBackgroundProcessor[StandardEngine[Catalina]]] org.apache.catalina.startup.HostConfig.deployDescriptor Deployment of deployment descriptor [C:\Data\sofwares\java\spring-tool-suite-3.9.12.RELEASE-e4.15.0-win32-x86_64\sts-bundle\pivotal-tc-server\instances\base-instance\conf\Catalina\localhost\inma-itp.xml] has finished in [8,046] ms
25-Mar-2020 13:18:40.288 INFO [main] com.springsource.tcserver.security.PropertyDecoder.<init> tc Runtime property decoder using memory-based key
25-Mar-2020 13:18:40.290 INFO [main] com.springsource.tcserver.security.TcDecoder.initCiphers Initializing ciphers
25-Mar-2020 13:18:40.556 INFO [main] com.springsource.tcserver.security.PropertyDecoder.<init> tcServer Runtime property decoder has been initialized in 271 ms
25-Mar-2020 13:18:40.893 INFO [main] org.apache.coyote.AbstractProtocol.init Initializing ProtocolHandler ["http-nio-8080"]
25-Mar-2020 13:18:41.004 INFO [main] org.apache.tomcat.util.net.NioSelectorPool.getSharedSelector Using a shared selector for servlet write/read
25-Mar-2020 13:18:41.101 INFO [main] com.springsource.tcserver.serviceability.rmi.JmxSocketListener.init Started up JMX registry on 127.0.0.1:6969 in 82 ms
25-Mar-2020 13:18:41.117 INFO [main] org.apache.catalina.core.StandardService.startInternal Starting service [Catalina]
25-Mar-2020 13:18:41.117 INFO [main] org.apache.catalina.core.StandardEngine.startInternal Starting Servlet Engine: Pivotal tc Runtime 9.0.13.B.RELEASE
25-Mar-2020 13:18:41.124 INFO [main] org.apache.catalina.startup.HostConfig.deployDescriptor Deploying deployment descriptor [C:\Data\sofwares\java\spring-tool-suite-3.9.12.RELEASE-e4.15.0-win32-x86_64\sts-bundle\pivotal-tc-server\instances\base-instance\conf\Catalina\localhost\inma-itp.xml]
25-Mar-2020 13:18:41.135 WARNING [main] org.apache.catalina.startup.HostConfig.deployDescriptor The path attribute with value [/inma-itp] in deployment descriptor [C:\Data\sofwares\java\spring-tool-suite-3.9.12.RELEASE-e4.15.0-win32-x86_64\sts-bundle\pivotal-tc-server\instances\base-instance\conf\Catalina\localhost\inma-itp.xml] has been ignored
25-Mar-2020 13:18:48.449 INFO [main] org.apache.jasper.servlet.TldScanner.scanJars At least one JAR was scanned for TLDs yet contained no TLDs. Enable debug logging for this logger for a complete list of JARs that were scanned but no TLDs were found in them. Skipping unneeded JARs during scanning can improve startup time and JSP compilation time.
25-Mar-2020 13:18:48.485 INFO [main] org.apache.catalina.startup.HostConfig.deployDescriptor Deployment of deployment descriptor [C:\Data\sofwares\java\spring-tool-suite-3.9.12.RELEASE-e4.15.0-win32-x86_64\sts-bundle\pivotal-tc-server\instances\base-instance\conf\Catalina\localhost\inma-itp.xml] has finished in [7,361] ms
25-Mar-2020 13:18:48.486 INFO [main] org.apache.catalina.startup.HostConfig.deployDirectory Deploying web application directory [C:\Data\sofwares\java\spring-tool-suite-3.9.12.RELEASE-e4.15.0-win32-x86_64\sts-bundle\pivotal-tc-server\instances\base-instance\webapps\manager]
25-Mar-2020 13:18:48.598 INFO [main] org.apache.jasper.servlet.TldScanner.scanJars At least one JAR was scanned for TLDs yet contained no TLDs. Enable debug logging for this logger for a complete list of JARs that were scanned but no TLDs were found in them. Skipping unneeded JARs during scanning can improve startup time and JSP compilation time.
25-Mar-2020 13:18:48.602 INFO [main] org.apache.catalina.startup.HostConfig.deployDirectory Deployment of web application directory [C:\Data\sofwares\java\spring-tool-suite-3.9.12.RELEASE-e4.15.0-win32-x86_64\sts-bundle\pivotal-tc-server\instances\base-instance\webapps\manager] has finished in [116] ms
25-Mar-2020 13:18:48.602 INFO [main] org.apache.catalina.startup.HostConfig.deployDirectory Deploying web application directory [C:\Data\sofwares\java\spring-tool-suite-3.9.12.RELEASE-e4.15.0-win32-x86_64\sts-bundle\pivotal-tc-server\instances\base-instance\webapps\ROOT]
25-Mar-2020 13:18:48.679 INFO [main] org.apache.jasper.servlet.TldScanner.scanJars At least one JAR was scanned for TLDs yet contained no TLDs. Enable debug logging for this logger for a complete list of JARs that were scanned but no TLDs were found in them. Skipping unneeded JARs during scanning can improve startup time and JSP compilation time.
25-Mar-2020 13:18:48.681 INFO [main] org.apache.catalina.startup.HostConfig.deployDirectory Deployment of web application directory [C:\Data\sofwares\java\spring-tool-suite-3.9.12.RELEASE-e4.15.0-win32-x86_64\sts-bundle\pivotal-tc-server\instances\base-instance\webapps\ROOT] has finished in [79] ms
25-Mar-2020 13:18:48.690 INFO [main] org.apache.coyote.AbstractProtocol.start Starting ProtocolHandler ["http-nio-8080"]
25-Mar-2020 13:22:28.000 INFO [main] com.springsource.tcserver.security.PropertyDecoder.<init> tc Runtime property decoder using memory-based key
25-Mar-2020 13:22:28.002 INFO [main] com.springsource.tcserver.security.TcDecoder.initCiphers Initializing ciphers
25-Mar-2020 13:22:28.302 INFO [main] com.springsource.tcserver.security.PropertyDecoder.<init> tcServer Runtime property decoder has been initialized in 304 ms
25-Mar-2020 13:22:28.702 INFO [main] org.apache.coyote.AbstractProtocol.init Initializing ProtocolHandler ["http-nio-8080"]
25-Mar-2020 13:22:28.826 INFO [main] org.apache.tomcat.util.net.NioSelectorPool.getSharedSelector Using a shared selector for servlet write/read
25-Mar-2020 13:22:28.937 INFO [main] com.springsource.tcserver.serviceability.rmi.JmxSocketListener.init Started up JMX registry on 127.0.0.1:6969 in 94 ms
25-Mar-2020 13:22:28.953 INFO [main] org.apache.catalina.core.StandardService.startInternal Starting service [Catalina]
25-Mar-2020 13:22:28.953 INFO [main] org.apache.catalina.core.StandardEngine.startInternal Starting Servlet Engine: Pivotal tc Runtime 9.0.13.B.RELEASE
25-Mar-2020 13:22:28.960 INFO [main] org.apache.catalina.startup.HostConfig.deployDescriptor Deploying deployment descriptor [C:\Data\sofwares\java\spring-tool-suite-3.9.12.RELEASE-e4.15.0-win32-x86_64\sts-bundle\pivotal-tc-server\instances\base-instance\conf\Catalina\localhost\inma-itp.xml]
25-Mar-2020 13:22:28.974 WARNING [main] org.apache.catalina.startup.HostConfig.deployDescriptor The path attribute with value [/inma-itp] in deployment descriptor [C:\Data\sofwares\java\spring-tool-suite-3.9.12.RELEASE-e4.15.0-win32-x86_64\sts-bundle\pivotal-tc-server\instances\base-instance\conf\Catalina\localhost\inma-itp.xml] has been ignored
25-Mar-2020 13:22:37.484 INFO [main] org.apache.jasper.servlet.TldScanner.scanJars At least one JAR was scanned for TLDs yet contained no TLDs. Enable debug logging for this logger for a complete list of JARs that were scanned but no TLDs were found in them. Skipping unneeded JARs during scanning can improve startup time and JSP compilation time.
25-Mar-2020 13:22:37.539 INFO [main] org.apache.catalina.startup.HostConfig.deployDescriptor Deployment of deployment descriptor [C:\Data\sofwares\java\spring-tool-suite-3.9.12.RELEASE-e4.15.0-win32-x86_64\sts-bundle\pivotal-tc-server\instances\base-instance\conf\Catalina\localhost\inma-itp.xml] has finished in [8,578] ms
25-Mar-2020 13:22:37.540 INFO [main] org.apache.catalina.startup.HostConfig.deployDirectory Deploying web application directory [C:\Data\sofwares\java\spring-tool-suite-3.9.12.RELEASE-e4.15.0-win32-x86_64\sts-bundle\pivotal-tc-server\instances\base-instance\webapps\manager]
25-Mar-2020 13:22:37.664 INFO [main] org.apache.jasper.servlet.TldScanner.scanJars At least one JAR was scanned for TLDs yet contained no TLDs. Enable debug logging for this logger for a complete list of JARs that were scanned but no TLDs were found in them. Skipping unneeded JARs during scanning can improve startup time and JSP compilation time.
25-Mar-2020 13:22:37.669 INFO [main] org.apache.catalina.startup.HostConfig.deployDirectory Deployment of web application directory [C:\Data\sofwares\java\spring-tool-suite-3.9.12.RELEASE-e4.15.0-win32-x86_64\sts-bundle\pivotal-tc-server\instances\base-instance\webapps\manager] has finished in [128] ms
25-Mar-2020 13:22:37.669 INFO [main] org.apache.catalina.startup.HostConfig.deployDirectory Deploying web application directory [C:\Data\sofwares\java\spring-tool-suite-3.9.12.RELEASE-e4.15.0-win32-x86_64\sts-bundle\pivotal-tc-server\instances\base-instance\webapps\ROOT]
25-Mar-2020 13:22:37.763 INFO [main] org.apache.jasper.servlet.TldScanner.scanJars At least one JAR was scanned for TLDs yet contained no TLDs. Enable debug logging for this logger for a complete list of JARs that were scanned but no TLDs were found in them. Skipping unneeded JARs during scanning can improve startup time and JSP compilation time.
25-Mar-2020 13:22:37.765 INFO [main] org.apache.catalina.startup.HostConfig.deployDirectory Deployment of web application directory [C:\Data\sofwares\java\spring-tool-suite-3.9.12.RELEASE-e4.15.0-win32-x86_64\sts-bundle\pivotal-tc-server\instances\base-instance\webapps\ROOT] has finished in [96] ms
25-Mar-2020 13:22:37.775 INFO [main] org.apache.coyote.AbstractProtocol.start Starting ProtocolHandler ["http-nio-8080"]
25-Mar-2020 13:32:45.028 INFO [main] com.springsource.tcserver.security.PropertyDecoder.<init> tc Runtime property decoder using memory-based key
25-Mar-2020 13:32:45.031 INFO [main] com.springsource.tcserver.security.TcDecoder.initCiphers Initializing ciphers
25-Mar-2020 13:32:45.334 INFO [main] com.springsource.tcserver.security.PropertyDecoder.<init> tcServer Runtime property decoder has been initialized in 308 ms
25-Mar-2020 13:32:45.664 INFO [main] org.apache.coyote.AbstractProtocol.init Initializing ProtocolHandler ["http-nio-8080"]
25-Mar-2020 13:32:45.773 INFO [main] org.apache.tomcat.util.net.NioSelectorPool.getSharedSelector Using a shared selector for servlet write/read
25-Mar-2020 13:32:45.873 INFO [main] com.springsource.tcserver.serviceability.rmi.JmxSocketListener.init Started up JMX registry on 127.0.0.1:6969 in 85 ms
25-Mar-2020 13:32:45.890 INFO [main] org.apache.catalina.core.StandardService.startInternal Starting service [Catalina]
25-Mar-2020 13:32:45.890 INFO [main] org.apache.catalina.core.StandardEngine.startInternal Starting Servlet Engine: Pivotal tc Runtime 9.0.13.B.RELEASE
25-Mar-2020 13:32:45.896 INFO [main] org.apache.catalina.startup.HostConfig.deployDescriptor Deploying deployment descriptor [C:\Data\sofwares\java\spring-tool-suite-3.9.12.RELEASE-e4.15.0-win32-x86_64\sts-bundle\pivotal-tc-server\instances\base-instance\conf\Catalina\localhost\inma-itp.xml]
25-Mar-2020 13:32:45.907 WARNING [main] org.apache.catalina.startup.HostConfig.deployDescriptor The path attribute with value [/inma-itp] in deployment descriptor [C:\Data\sofwares\java\spring-tool-suite-3.9.12.RELEASE-e4.15.0-win32-x86_64\sts-bundle\pivotal-tc-server\instances\base-instance\conf\Catalina\localhost\inma-itp.xml] has been ignored
25-Mar-2020 13:32:53.306 INFO [main] org.apache.jasper.servlet.TldScanner.scanJars At least one JAR was scanned for TLDs yet contained no TLDs. Enable debug logging for this logger for a complete list of JARs that were scanned but no TLDs were found in them. Skipping unneeded JARs during scanning can improve startup time and JSP compilation time.
25-Mar-2020 13:32:53.345 INFO [main] org.apache.catalina.startup.HostConfig.deployDescriptor Deployment of deployment descriptor [C:\Data\sofwares\java\spring-tool-suite-3.9.12.RELEASE-e4.15.0-win32-x86_64\sts-bundle\pivotal-tc-server\instances\base-instance\conf\Catalina\localhost\inma-itp.xml] has finished in [7,448] ms
25-Mar-2020 13:32:53.345 INFO [main] org.apache.catalina.startup.HostConfig.deployDirectory Deploying web application directory [C:\Data\sofwares\java\spring-tool-suite-3.9.12.RELEASE-e4.15.0-win32-x86_64\sts-bundle\pivotal-tc-server\instances\base-instance\webapps\manager]
25-Mar-2020 13:32:53.443 INFO [main] org.apache.jasper.servlet.TldScanner.scanJars At least one JAR was scanned for TLDs yet contained no TLDs. Enable debug logging for this logger for a complete list of JARs that were scanned but no TLDs were found in them. Skipping unneeded JARs during scanning can improve startup time and JSP compilation time.
25-Mar-2020 13:32:53.448 INFO [main] org.apache.catalina.startup.HostConfig.deployDirectory Deployment of web application directory [C:\Data\sofwares\java\spring-tool-suite-3.9.12.RELEASE-e4.15.0-win32-x86_64\sts-bundle\pivotal-tc-server\instances\base-instance\webapps\manager] has finished in [102] ms
25-Mar-2020 13:32:53.448 INFO [main] org.apache.catalina.startup.HostConfig.deployDirectory Deploying web application directory [C:\Data\sofwares\java\spring-tool-suite-3.9.12.RELEASE-e4.15.0-win32-x86_64\sts-bundle\pivotal-tc-server\instances\base-instance\webapps\ROOT]
25-Mar-2020 13:32:53.527 INFO [main] org.apache.jasper.servlet.TldScanner.scanJars At least one JAR was scanned for TLDs yet contained no TLDs. Enable debug logging for this logger for a complete list of JARs that were scanned but no TLDs were found in them. Skipping unneeded JARs during scanning can improve startup time and JSP compilation time.
25-Mar-2020 13:32:53.529 INFO [main] org.apache.catalina.startup.HostConfig.deployDirectory Deployment of web application directory [C:\Data\sofwares\java\spring-tool-suite-3.9.12.RELEASE-e4.15.0-win32-x86_64\sts-bundle\pivotal-tc-server\instances\base-instance\webapps\ROOT] has finished in [81] ms
25-Mar-2020 13:32:53.538 INFO [main] org.apache.coyote.AbstractProtocol.start Starting ProtocolHandler ["http-nio-8080"]
25-Mar-2020 13:35:01.873 INFO [ContainerBackgroundProcessor[StandardEngine[Catalina]]] org.apache.catalina.core.StandardContext.reload Reloading Context with name [/inma-itp] has started
25-Mar-2020 13:35:08.021 INFO [ContainerBackgroundProcessor[StandardEngine[Catalina]]] org.apache.jasper.servlet.TldScanner.scanJars At least one JAR was scanned for TLDs yet contained no TLDs. Enable debug logging for this logger for a complete list of JARs that were scanned but no TLDs were found in them. Skipping unneeded JARs during scanning can improve startup time and JSP compilation time.
25-Mar-2020 13:35:08.030 INFO [ContainerBackgroundProcessor[StandardEngine[Catalina]]] org.apache.catalina.core.StandardContext.reload Reloading Context with name [/inma-itp] is completed
25-Mar-2020 13:37:28.520 INFO [ContainerBackgroundProcessor[StandardEngine[Catalina]]] org.apache.catalina.core.StandardContext.reload Reloading Context with name [/inma-itp] has started
25-Mar-2020 13:37:34.243 INFO [ContainerBackgroundProcessor[StandardEngine[Catalina]]] org.apache.jasper.servlet.TldScanner.scanJars At least one JAR was scanned for TLDs yet contained no TLDs. Enable debug logging for this logger for a complete list of JARs that were scanned but no TLDs were found in them. Skipping unneeded JARs during scanning can improve startup time and JSP compilation time.
25-Mar-2020 13:37:34.252 INFO [ContainerBackgroundProcessor[StandardEngine[Catalina]]] org.apache.catalina.core.StandardContext.reload Reloading Context with name [/inma-itp] is completed
25-Mar-2020 13:38:50.279 INFO [ContainerBackgroundProcessor[StandardEngine[Catalina]]] org.apache.catalina.core.StandardContext.reload Reloading Context with name [/inma-itp] has started
25-Mar-2020 13:38:56.123 INFO [ContainerBackgroundProcessor[StandardEngine[Catalina]]] org.apache.jasper.servlet.TldScanner.scanJars At least one JAR was scanned for TLDs yet contained no TLDs. Enable debug logging for this logger for a complete list of JARs that were scanned but no TLDs were found in them. Skipping unneeded JARs during scanning can improve startup time and JSP compilation time.
25-Mar-2020 13:38:56.132 INFO [ContainerBackgroundProcessor[StandardEngine[Catalina]]] org.apache.catalina.core.StandardContext.reload Reloading Context with name [/inma-itp] is completed
25-Mar-2020 13:41:17.191 INFO [ContainerBackgroundProcessor[StandardEngine[Catalina]]] org.apache.catalina.core.StandardContext.reload Reloading Context with name [/inma-itp] has started
25-Mar-2020 13:41:22.880 INFO [ContainerBackgroundProcessor[StandardEngine[Catalina]]] org.apache.jasper.servlet.TldScanner.scanJars At least one JAR was scanned for TLDs yet contained no TLDs. Enable debug logging for this logger for a complete list of JARs that were scanned but no TLDs were found in them. Skipping unneeded JARs during scanning can improve startup time and JSP compilation time.
25-Mar-2020 13:41:22.889 INFO [ContainerBackgroundProcessor[StandardEngine[Catalina]]] org.apache.catalina.core.StandardContext.reload Reloading Context with name [/inma-itp] is completed
25-Mar-2020 13:41:47.029 INFO [ContainerBackgroundProcessor[StandardEngine[Catalina]]] org.apache.catalina.core.StandardContext.reload Reloading Context with name [/inma-itp] has started
25-Mar-2020 13:41:52.777 INFO [ContainerBackgroundProcessor[StandardEngine[Catalina]]] org.apache.jasper.servlet.TldScanner.scanJars At least one JAR was scanned for TLDs yet contained no TLDs. Enable debug logging for this logger for a complete list of JARs that were scanned but no TLDs were found in them. Skipping unneeded JARs during scanning can improve startup time and JSP compilation time.
25-Mar-2020 13:41:52.786 INFO [ContainerBackgroundProcessor[StandardEngine[Catalina]]] org.apache.catalina.core.StandardContext.reload Reloading Context with name [/inma-itp] is completed
